2020/11/15 09:35:56 {"callers":["/Users/moonmonsters/ChenTao/Code/Golang/GoProgrammingJourney/blog_service/main.go: 27 main.init.0"],"level":"info","message":"blog_service.start","time":1605404156563094000}
2020/11/15 09:36:29 {"callers":["/Users/moonmonsters/ChenTao/Code/Golang/GoProgrammingJourney/blog_service/main.go: 27 main.init.0"],"level":"info","message":"blog_service.start","time":1605404189334090000}
2020/11/15 09:57:24 {"callers":["/Users/moonmonsters/ChenTao/Code/Golang/GoProgrammingJourney/blog_service/main.go: 27 main.init.0"],"level":"info","message":"blog_service.start","time":1605405444309147000}
2020/11/15 11:52:00 {"callers":["/Users/moonmonsters/ChenTao/Code/Golang/GoProgrammingJourney/blog_service/main.go: 27 main.init.0"],"level":"info","message":"blog_service.start","time":1605412320226224000}
2020/11/15 12:02:49 {"callers":["/Users/moonmonsters/ChenTao/Code/Golang/GoProgrammingJourney/blog_service/main.go: 27 main.init.0"],"level":"info","message":"blog_service.start","time":1605412969354580000}
2020/11/15 12:03:47 {"callers":["/Users/moonmonsters/ChenTao/Code/Golang/GoProgrammingJourney/blog_service/main.go: 27 main.init.0"],"level":"info","message":"blog_service.start","time":1605413027926429000}
2020/11/15 18:05:16 {"callers":["/Users/moonmonsters/ChenTao/Code/Golang/GoProgrammingJourney/blog_service/main.go: 27 main.init.0"],"level":"info","message":"blog_service.start","time":1605434716194083000}
2020/11/19 19:50:43 {"callers":["/Users/moonmonsters/ChenTao/Code/Golang/GoProgrammingJourney/blog_service/main.go: 27 main.init.0"],"level":"info","message":"blog_service.start","time":1605786643907862000}
2020/11/21 13:05:49 {"callers":["/Users/moonmonsters/ChenTao/Code/Golang/GoProgrammingJourney/blog_service/main.go: 27 main.init.0"],"level":"info","message":"blog_service.start","time":1605935149407340000}
2020/11/21 13:14:28 {"callers":["/Users/moonmonsters/ChenTao/Code/Golang/GoProgrammingJourney/blog_service/main.go: 27 main.init.0"],"level":"info","message":"blog_service.start","time":1605935668548239000}
2020/11/21 13:14:32 {"callers":["/Users/moonmonsters/ChenTao/Code/Golang/GoProgrammingJourney/blog_service/main.go: 27 main.init.0"],"level":"error","message":"svc.CreateTag err: Error 1146: Table 'blog_service.tag' doesn't exist","time":1605935672131650000}
2020/11/21 13:14:54 {"callers":["/Users/moonmonsters/ChenTao/Code/Golang/GoProgrammingJourney/blog_service/main.go: 27 main.init.0"],"level":"error","message":"svc.CreateTag err: Error 1146: Table 'blog_service.tag' doesn't exist","time":1605935694110218000}
2020/11/21 13:17:14 {"callers":["/Users/moonmonsters/ChenTao/Code/Golang/GoProgrammingJourney/blog_service/main.go: 27 main.init.0"],"level":"info","message":"blog_service.start","time":1605935834846252000}
2020/11/21 13:17:20 {"callers":["/Users/moonmonsters/ChenTao/Code/Golang/GoProgrammingJourney/blog_service/main.go: 27 main.init.0"],"level":"error","message":"svc.CreateTag err: Error 1054: Unknown column 'created_by' in 'field list'","time":1605935840427988000}
2020/11/21 13:29:12 {"callers":["/Users/moonmonsters/ChenTao/Code/Golang/GoProgrammingJourney/blog_service/main.go: 27 main.init.0"],"level":"error","message":"svc.CreateTag err: Error 1054: Unknown column 'deleted_on' in 'field list'","time":1605936552567191000}
2020/11/21 13:30:38 {"callers":["/Users/moonmonsters/ChenTao/Code/Golang/GoProgrammingJourney/blog_service/main.go: 27 main.init.0"],"level":"error","message":"app.BindAndValid errs: ","time":1605936638537652000}
2020/11/21 13:31:01 {"callers":["/Users/moonmonsters/ChenTao/Code/Golang/GoProgrammingJourney/blog_service/main.go: 27 main.init.0"],"level":"error","message":"app.BindAndValid errs: ","time":1605936661106944000}
2020/11/21 13:31:06 {"callers":["/Users/moonmonsters/ChenTao/Code/Golang/GoProgrammingJourney/blog_service/main.go: 27 main.init.0"],"level":"error","message":"app.BindAndValid errs: ","time":1605936666549656000}
2020/11/21 13:31:28 {"callers":["/Users/moonmonsters/ChenTao/Code/Golang/GoProgrammingJourney/blog_service/main.go: 27 main.init.0"],"level":"error","message":"app.BindAndValid errs: ","time":1605936688047457000}
2020/11/21 13:31:35 {"callers":["/Users/moonmonsters/ChenTao/Code/Golang/GoProgrammingJourney/blog_service/main.go: 27 main.init.0"],"level":"error","message":"app.BindAndValid errs: ","time":1605936695109893000}
2020/11/21 13:32:18 {"callers":["/Users/moonmonsters/ChenTao/Code/Golang/GoProgrammingJourney/blog_service/main.go: 27 main.init.0"],"level":"error","message":"app.BindAndValid errs: ","time":1605936738417075000}
2020/11/21 13:33:00 {"callers":["/Users/moonmonsters/ChenTao/Code/Golang/GoProgrammingJourney/blog_service/main.go: 27 main.init.0"],"level":"info","message":"blog_service.start","time":1605936780569642000}
2020/11/21 13:33:06 {"callers":["/Users/moonmonsters/ChenTao/Code/Golang/GoProgrammingJourney/blog_service/main.go: 27 main.init.0"],"level":"error","message":"app.BindAndValid errs: ","time":1605936786873922000}
2020/11/21 13:34:58 {"callers":["/Users/moonmonsters/ChenTao/Code/Golang/GoProgrammingJourney/blog_service/main.go: 27 main.init.0"],"level":"error","message":"app.BindAndValid errs: ","time":1605936898485265000}
2020/11/21 13:35:04 {"callers":["/Users/moonmonsters/ChenTao/Code/Golang/GoProgrammingJourney/blog_service/main.go: 27 main.init.0"],"level":"error","message":"app.BindAndValid errs: ","time":1605936904549790000}
2020/11/22 11:36:07 {"callers":["/Users/moonmonsters/ChenTao/Code/Golang/GoProgrammingJourney/blog_service/main.go: 27 main.init.0"],"level":"info","message":"blog_service.start","time":1606016167564519000}
2020/11/22 11:36:43 {"callers":["/Users/moonmonsters/ChenTao/Code/Golang/GoProgrammingJourney/blog_service/main.go: 27 main.init.0"],"level":"error","message":"app.BindAndValid errs: ","time":1606016203164102000}
2020/11/22 11:37:46 {"callers":["/Users/moonmonsters/ChenTao/Code/Golang/GoProgrammingJourney/blog_service/main.go: 27 main.init.0"],"level":"error","message":"app.BindAndValid errs: ","time":1606016266259288000}
2020/11/22 11:39:25 {"callers":["/Users/moonmonsters/ChenTao/Code/Golang/GoProgrammingJourney/blog_service/main.go: 27 main.init.0"],"level":"info","message":"blog_service.start","time":1606016365123859000}
2020/11/22 11:39:28 {"callers":["/Users/moonmonsters/ChenTao/Code/Golang/GoProgrammingJourney/blog_service/main.go: 27 main.init.0"],"level":"error","message":"app.BindAndValid errs: ","time":1606016368550769000}
2020/11/22 11:39:51 {"callers":["/Users/moonmonsters/ChenTao/Code/Golang/GoProgrammingJourney/blog_service/main.go: 27 main.init.0"],"level":"info","message":"blog_service.start","time":1606016391671395000}
2020/11/22 11:39:54 {"callers":["/Users/moonmonsters/ChenTao/Code/Golang/GoProgrammingJourney/blog_service/main.go: 27 main.init.0"],"level":"error","message":"app.BindAndValid errs: ","time":1606016394160423000}
2020/11/22 11:41:23 {"callers":["/Users/moonmonsters/ChenTao/Code/Golang/GoProgrammingJourney/blog_service/main.go: 27 main.init.0"],"level":"info","message":"blog_service.start","time":1606016483801278000}
2020/11/22 12:04:35 {"callers":["/Users/moonmonsters/ChenTao/Code/Golang/GoProgrammingJourney/blog_service/main.go: 27 main.init.0"],"level":"info","message":"blog_service.start","time":1606017875611889000}
2020/11/22 12:06:14 {"callers":["/Users/moonmonsters/ChenTao/Code/Golang/GoProgrammingJourney/blog_service/main.go: 27 main.init.0"],"level":"info","message":"blog_service.start","time":1606017974284481000}
2020/11/22 12:09:04 {"callers":["/Users/moonmonsters/ChenTao/Code/Golang/GoProgrammingJourney/blog_service/main.go: 27 main.init.0"],"level":"info","message":"blog_service.start","time":1606018144588963000}
2020/11/22 12:09:08 {"callers":["/Users/moonmonsters/ChenTao/Code/Golang/GoProgrammingJourney/blog_service/main.go: 27 main.init.0"],"level":"error","message":"app.BindAndValid errs: ","time":1606018148435334000}
2020/11/22 12:09:39 {"callers":["/Users/moonmonsters/ChenTao/Code/Golang/GoProgrammingJourney/blog_service/main.go: 27 main.init.0"],"level":"info","message":"blog_service.start","time":1606018179232457000}
2020/11/22 12:09:41 {"callers":["/Users/moonmonsters/ChenTao/Code/Golang/GoProgrammingJourney/blog_service/main.go: 27 main.init.0"],"level":"error","message":"app.BindAndValid errs: ","time":1606018181462055000}
2020/11/22 12:10:44 {"callers":["/Users/moonmonsters/ChenTao/Code/Golang/GoProgrammingJourney/blog_service/main.go: 27 main.init.0"],"level":"info","message":"blog_service.start","time":1606018244484010000}
2020/11/22 12:10:47 {"callers":["/Users/moonmonsters/ChenTao/Code/Golang/GoProgrammingJourney/blog_service/main.go: 27 main.init.0"],"level":"error","message":"app.BindAndValid errs: ","time":1606018247658939000}
2020/11/22 12:11:44 {"callers":["/Users/moonmonsters/ChenTao/Code/Golang/GoProgrammingJourney/blog_service/main.go: 27 main.init.0"],"level":"info","message":"blog_service.start","time":1606018304240937000}
2020/11/22 12:11:46 {"callers":["/Users/moonmonsters/ChenTao/Code/Golang/GoProgrammingJourney/blog_service/main.go: 27 main.init.0"],"level":"error","message":"app.BindAndValid errs: ","time":1606018306552673000}
2020/11/22 12:12:04 {"callers":["/Users/moonmonsters/ChenTao/Code/Golang/GoProgrammingJourney/blog_service/main.go: 27 main.init.0"],"level":"info","message":"blog_service.start","time":1606018324973179000}
2020/11/22 12:12:59 {"callers":["/Users/moonmonsters/ChenTao/Code/Golang/GoProgrammingJourney/blog_service/main.go: 27 main.init.0"],"level":"error","message":"app.BindAndValid errs: ","time":1606018379358069000}
2020/11/22 12:14:21 {"callers":["/Users/moonmonsters/ChenTao/Code/Golang/GoProgrammingJourney/blog_service/main.go: 27 main.init.0"],"level":"info","message":"blog_service.start","time":1606018461677673000}
2020/11/22 12:14:23 {"callers":["/Users/moonmonsters/ChenTao/Code/Golang/GoProgrammingJourney/blog_service/main.go: 27 main.init.0"],"level":"error","message":"app.BindAndValid errs: ","time":1606018463887960000}
